2022-10-01 23:41:32,216 [Worker-3: Loading available Gradle versions] INFO  o.e.b.c.i.u.g.PublishedGradleVersions - Gradle version information cache is up-to-date. Trying to read.
2022-10-01 23:43:50,554 [Worker-0: Creating project "seleniumSimpleApp"] INFO  o.e.m.c.i.l.LifecycleMappingFactory - Using org.eclipse.m2e.jdt.JarLifecycleMapping lifecycle mapping for MavenProject: myProject:seleniumSimpleApp:0.0.1-SNAPSHOT @ C:\Users\Prateek\Phase 5 Workspace\selenium_one_program\seleniumSimpleApp\pom.xml.
2022-10-01 23:43:51,101 [Worker-0: Creating project "seleniumSimpleApp"] INFO  o.e.m.j.i.AbstractJavaProjectConfigurator - Adding source folder /seleniumSimpleApp/src/main/java
2022-10-01 23:43:51,108 [Worker-0: Creating project "seleniumSimpleApp"] INFO  o.e.m.j.i.AbstractJavaProjectConfigurator - Adding resource folder /seleniumSimpleApp/src/main/resources
2022-10-01 23:43:51,109 [Worker-0: Creating project "seleniumSimpleApp"] INFO  o.e.m.j.i.AbstractJavaProjectConfigurator - Adding source folder /seleniumSimpleApp/src/test/java
2022-10-01 23:43:51,109 [Worker-0: Creating project "seleniumSimpleApp"] INFO  o.e.m.j.i.AbstractJavaProjectConfigurator - Adding resource folder /seleniumSimpleApp/src/test/resources
2022-10-01 23:43:53,906 [Worker-0: Creating project "seleniumSimpleApp"] WARN  o.e.m.c.i.embedder.EclipseLogger - Using platform encoding (Cp1252 actually) to copy filtered resources, i.e. build is platform dependent!
2022-10-01 23:43:53,917 [Worker-0: Creating project "seleniumSimpleApp"] INFO  o.e.m.c.i.embedder.EclipseLogger - Copying 0 resource
2022-10-01 23:43:53,920 [Worker-0: Creating project "seleniumSimpleApp"] WARN  o.e.m.c.i.embedder.EclipseLogger - Using platform encoding (Cp1252 actually) to copy filtered resources, i.e. build is platform dependent!
2022-10-01 23:43:53,923 [Worker-0: Creating project "seleniumSimpleApp"] INFO  o.e.m.c.i.embedder.EclipseLogger - Copying 0 resource
2022-10-01 23:46:17,285 [Worker-8: Updating Maven Project] INFO  o.e.m.c.i.p.ProjectConfigurationManager - Update started
2022-10-01 23:46:17,817 [Worker-8: Updating Maven Project] INFO  o.e.m.c.i.l.LifecycleMappingFactory - Using org.eclipse.m2e.jdt.JarLifecycleMapping lifecycle mapping for MavenProject: myProject:seleniumSimpleApp:0.0.1-SNAPSHOT @ C:\Users\Prateek\Phase 5 Workspace\selenium_one_program\seleniumSimpleApp\pom.xml.
2022-10-01 23:46:18,488 [Worker-8: Updating Maven Project] INFO  o.e.m.j.i.AbstractJavaProjectConfigurator - Adding source folder /seleniumSimpleApp/src/main/java
2022-10-01 23:46:18,489 [Worker-8: Updating Maven Project] INFO  o.e.m.j.i.AbstractJavaProjectConfigurator - Adding resource folder /seleniumSimpleApp/src/main/resources
2022-10-01 23:46:18,517 [Worker-8: Updating Maven Project] INFO  o.e.m.j.i.AbstractJavaProjectConfigurator - Adding source folder /seleniumSimpleApp/src/test/java
2022-10-01 23:46:18,518 [Worker-8: Updating Maven Project] INFO  o.e.m.j.i.AbstractJavaProjectConfigurator - Adding resource folder /seleniumSimpleApp/src/test/resources
2022-10-01 23:46:19,208 [Worker-8: Updating Maven Project] INFO  o.e.m.c.i.embedder.EclipseLogger - Using 'UTF-8' encoding to copy filtered resources.
2022-10-01 23:46:19,248 [Worker-8: Updating Maven Project] INFO  o.e.m.c.i.embedder.EclipseLogger - Copying 0 resource
2022-10-01 23:46:19,252 [Worker-8: Updating Maven Project] INFO  o.e.m.c.i.embedder.EclipseLogger - Using 'UTF-8' encoding to copy filtered resources.
2022-10-01 23:46:19,253 [Worker-8: Updating Maven Project] INFO  o.e.m.c.i.embedder.EclipseLogger - Copying 0 resource
2022-10-01 23:46:20,237 [Worker-8: Updating Maven Project] INFO  o.e.m.c.i.p.ProjectConfigurationManager - Update completed: 2 sec
2022-10-01 23:49:51,656 [Worker-4: Loading available Gradle versions] INFO  o.e.b.c.i.u.g.PublishedGradleVersions - Gradle version information cache is up-to-date. Trying to read.
2022-10-01 23:59:39,067 [Worker-28: Launching DemoTest] INFO  o.e.m.c.i.embedder.EclipseLogger - Using 'UTF-8' encoding to copy filtered resources.
2022-10-01 23:59:39,076 [Worker-28: Launching DemoTest] INFO  o.e.m.c.i.embedder.EclipseLogger - Copying 0 resource
2022-10-01 23:59:39,079 [Worker-28: Launching DemoTest] INFO  o.e.m.c.i.embedder.EclipseLogger - Using 'UTF-8' encoding to copy filtered resources.
2022-10-01 23:59:39,080 [Worker-28: Launching DemoTest] INFO  o.e.m.c.i.embedder.EclipseLogger - Copying 0 resource
2022-10-02 00:09:47,499 [Worker-31: Launching DemoTest] INFO  o.e.m.c.i.embedder.EclipseLogger - Using 'UTF-8' encoding to copy filtered resources.
2022-10-02 00:09:47,506 [Worker-31: Launching DemoTest] INFO  o.e.m.c.i.embedder.EclipseLogger - Copying 0 resource
2022-10-02 00:09:47,510 [Worker-31: Launching DemoTest] INFO  o.e.m.c.i.embedder.EclipseLogger - Using 'UTF-8' encoding to copy filtered resources.
2022-10-02 00:09:47,512 [Worker-31: Launching DemoTest] INFO  o.e.m.c.i.embedder.EclipseLogger - Copying 0 resource
2022-10-02 21:30:40,278 [Worker-2: Loading available Gradle versions] INFO  o.e.b.c.i.u.g.PublishedGradleVersions - Gradle version information cache is up-to-date. Trying to read.
2022-10-02 21:32:07,956 [Worker-18: Launching DemoTest] INFO  o.e.m.c.i.embedder.EclipseLogger - Using 'UTF-8' encoding to copy filtered resources.
2022-10-02 21:32:07,964 [Worker-18: Launching DemoTest] INFO  o.e.m.c.i.embedder.EclipseLogger - Copying 0 resource
2022-10-02 21:32:07,969 [Worker-18: Launching DemoTest] INFO  o.e.m.c.i.embedder.EclipseLogger - Using 'UTF-8' encoding to copy filtered resources.
2022-10-02 21:32:07,969 [Worker-18: Launching DemoTest] INFO  o.e.m.c.i.embedder.EclipseLogger - Copying 0 resource
2022-10-02 21:37:50,858 [Worker-24: Launching DemoTest] INFO  o.e.m.c.i.embedder.EclipseLogger - Using 'UTF-8' encoding to copy filtered resources.
2022-10-02 21:37:50,862 [Worker-24: Launching DemoTest] INFO  o.e.m.c.i.embedder.EclipseLogger - Copying 0 resource
2022-10-02 21:37:50,864 [Worker-24: Launching DemoTest] INFO  o.e.m.c.i.embedder.EclipseLogger - Using 'UTF-8' encoding to copy filtered resources.
2022-10-02 21:37:50,864 [Worker-24: Launching DemoTest] INFO  o.e.m.c.i.embedder.EclipseLogger - Copying 0 resource
2022-10-02 21:47:05,171 [Worker-27: Launching DemoTest] INFO  o.e.m.c.i.embedder.EclipseLogger - Using 'UTF-8' encoding to copy filtered resources.
2022-10-02 21:47:05,172 [Worker-27: Launching DemoTest] INFO  o.e.m.c.i.embedder.EclipseLogger - Copying 0 resource
2022-10-02 21:47:05,173 [Worker-27: Launching DemoTest] INFO  o.e.m.c.i.embedder.EclipseLogger - Using 'UTF-8' encoding to copy filtered resources.
2022-10-02 21:47:05,173 [Worker-27: Launching DemoTest] INFO  o.e.m.c.i.embedder.EclipseLogger - Copying 0 resource
2022-10-02 21:47:58,710 [Worker-29: Launching DemoTest] INFO  o.e.m.c.i.embedder.EclipseLogger - Using 'UTF-8' encoding to copy filtered resources.
2022-10-02 21:47:58,711 [Worker-29: Launching DemoTest] INFO  o.e.m.c.i.embedder.EclipseLogger - Copying 0 resource
2022-10-02 21:47:58,712 [Worker-29: Launching DemoTest] INFO  o.e.m.c.i.embedder.EclipseLogger - Using 'UTF-8' encoding to copy filtered resources.
2022-10-02 21:47:58,713 [Worker-29: Launching DemoTest] INFO  o.e.m.c.i.embedder.EclipseLogger - Copying 0 resource
2022-10-02 21:50:36,169 [Worker-24: Launching DemoTest] INFO  o.e.m.c.i.embedder.EclipseLogger - Using 'UTF-8' encoding to copy filtered resources.
2022-10-02 21:50:36,169 [Worker-24: Launching DemoTest] INFO  o.e.m.c.i.embedder.EclipseLogger - Copying 0 resource
2022-10-02 21:50:36,170 [Worker-24: Launching DemoTest] INFO  o.e.m.c.i.embedder.EclipseLogger - Using 'UTF-8' encoding to copy filtered resources.
2022-10-02 21:50:36,171 [Worker-24: Launching DemoTest] INFO  o.e.m.c.i.embedder.EclipseLogger - Copying 0 resource
2022-10-02 21:52:55,410 [Worker-35: Launching DemoTest] INFO  o.e.m.c.i.embedder.EclipseLogger - Using 'UTF-8' encoding to copy filtered resources.
2022-10-02 21:52:55,412 [Worker-35: Launching DemoTest] INFO  o.e.m.c.i.embedder.EclipseLogger - Copying 0 resource
2022-10-02 21:52:55,415 [Worker-35: Launching DemoTest] INFO  o.e.m.c.i.embedder.EclipseLogger - Using 'UTF-8' encoding to copy filtered resources.
2022-10-02 21:52:55,416 [Worker-35: Launching DemoTest] INFO  o.e.m.c.i.embedder.EclipseLogger - Copying 0 resource
2022-10-02 21:58:27,412 [Worker-41: Launching DemoTest] INFO  o.e.m.c.i.embedder.EclipseLogger - Using 'UTF-8' encoding to copy filtered resources.
2022-10-02 21:58:27,413 [Worker-41: Launching DemoTest] INFO  o.e.m.c.i.embedder.EclipseLogger - Copying 0 resource
2022-10-02 21:58:27,415 [Worker-41: Launching DemoTest] INFO  o.e.m.c.i.embedder.EclipseLogger - Using 'UTF-8' encoding to copy filtered resources.
2022-10-02 21:58:27,416 [Worker-41: Launching DemoTest] INFO  o.e.m.c.i.embedder.EclipseLogger - Copying 0 resource
2022-10-02 22:01:30,630 [Worker-43: Launching DemoTest] INFO  o.e.m.c.i.embedder.EclipseLogger - Using 'UTF-8' encoding to copy filtered resources.
2022-10-02 22:01:30,631 [Worker-43: Launching DemoTest] INFO  o.e.m.c.i.embedder.EclipseLogger - Copying 0 resource
2022-10-02 22:01:30,639 [Worker-43: Launching DemoTest] INFO  o.e.m.c.i.embedder.EclipseLogger - Using 'UTF-8' encoding to copy filtered resources.
2022-10-02 22:01:30,640 [Worker-43: Launching DemoTest] INFO  o.e.m.c.i.embedder.EclipseLogger - Copying 0 resource
2022-10-02 22:18:55,675 [Worker-2: Loading available Gradle versions] INFO  o.e.b.c.i.u.g.PublishedGradleVersions - Gradle version information cache is up-to-date. Trying to read.
2022-10-02 22:37:13,357 [Worker-26: Launching LoginTest] INFO  o.e.m.c.i.embedder.EclipseLogger - Using 'UTF-8' encoding to copy filtered resources.
2022-10-02 22:37:13,371 [Worker-26: Launching LoginTest] INFO  o.e.m.c.i.embedder.EclipseLogger - Copying 0 resource
2022-10-02 22:37:13,379 [Worker-26: Launching LoginTest] INFO  o.e.m.c.i.embedder.EclipseLogger - Using 'UTF-8' encoding to copy filtered resources.
2022-10-02 22:37:13,380 [Worker-26: Launching LoginTest] INFO  o.e.m.c.i.embedder.EclipseLogger - Copying 0 resource
2022-10-02 22:39:23,091 [Worker-29: Launching LoginTest] INFO  o.e.m.c.i.embedder.EclipseLogger - Using 'UTF-8' encoding to copy filtered resources.
2022-10-02 22:39:23,099 [Worker-29: Launching LoginTest] INFO  o.e.m.c.i.embedder.EclipseLogger - Copying 0 resource
2022-10-02 22:39:23,103 [Worker-29: Launching LoginTest] INFO  o.e.m.c.i.embedder.EclipseLogger - Using 'UTF-8' encoding to copy filtered resources.
2022-10-02 22:39:23,103 [Worker-29: Launching LoginTest] INFO  o.e.m.c.i.embedder.EclipseLogger - Copying 0 resource
2022-10-02 22:44:38,628 [Worker-35: Launching LoginTest] INFO  o.e.m.c.i.embedder.EclipseLogger - Using 'UTF-8' encoding to copy filtered resources.
2022-10-02 22:44:38,630 [Worker-35: Launching LoginTest] INFO  o.e.m.c.i.embedder.EclipseLogger - Copying 0 resource
2022-10-02 22:44:38,633 [Worker-35: Launching LoginTest] INFO  o.e.m.c.i.embedder.EclipseLogger - Using 'UTF-8' encoding to copy filtered resources.
2022-10-02 22:44:38,634 [Worker-35: Launching LoginTest] INFO  o.e.m.c.i.embedder.EclipseLogger - Copying 0 resource
2022-10-02 22:46:29,346 [Worker-33: Launching LoginTest] INFO  o.e.m.c.i.embedder.EclipseLogger - Using 'UTF-8' encoding to copy filtered resources.
2022-10-02 22:46:29,348 [Worker-33: Launching LoginTest] INFO  o.e.m.c.i.embedder.EclipseLogger - Copying 0 resource
2022-10-02 22:46:29,351 [Worker-33: Launching LoginTest] INFO  o.e.m.c.i.embedder.EclipseLogger - Using 'UTF-8' encoding to copy filtered resources.
2022-10-02 22:46:29,352 [Worker-33: Launching LoginTest] INFO  o.e.m.c.i.embedder.EclipseLogger - Copying 0 resource
2022-10-02 23:18:06,683 [Worker-38: Launching LoginTest] INFO  o.e.m.c.i.embedder.EclipseLogger - Using 'UTF-8' encoding to copy filtered resources.
2022-10-02 23:18:06,685 [Worker-38: Launching LoginTest] INFO  o.e.m.c.i.embedder.EclipseLogger - Copying 0 resource
2022-10-02 23:18:06,687 [Worker-38: Launching LoginTest] INFO  o.e.m.c.i.embedder.EclipseLogger - Using 'UTF-8' encoding to copy filtered resources.
2022-10-02 23:18:06,688 [Worker-38: Launching LoginTest] INFO  o.e.m.c.i.embedder.EclipseLogger - Copying 0 resource
2022-10-02 23:22:16,700 [Worker-43: Launching LoginTest] INFO  o.e.m.c.i.embedder.EclipseLogger - Using 'UTF-8' encoding to copy filtered resources.
2022-10-02 23:22:16,701 [Worker-43: Launching LoginTest] INFO  o.e.m.c.i.embedder.EclipseLogger - Copying 0 resource
2022-10-02 23:22:16,703 [Worker-43: Launching LoginTest] INFO  o.e.m.c.i.embedder.EclipseLogger - Using 'UTF-8' encoding to copy filtered resources.
2022-10-02 23:22:16,704 [Worker-43: Launching LoginTest] INFO  o.e.m.c.i.embedder.EclipseLogger - Copying 0 resource
2022-10-02 23:51:30,147 [Worker-50: Launching LoginTest] INFO  o.e.m.c.i.embedder.EclipseLogger - Using 'UTF-8' encoding to copy filtered resources.
2022-10-02 23:51:30,148 [Worker-50: Launching LoginTest] INFO  o.e.m.c.i.embedder.EclipseLogger - Copying 0 resource
2022-10-02 23:51:30,153 [Worker-50: Launching LoginTest] INFO  o.e.m.c.i.embedder.EclipseLogger - Using 'UTF-8' encoding to copy filtered resources.
2022-10-02 23:51:30,157 [Worker-50: Launching LoginTest] INFO  o.e.m.c.i.embedder.EclipseLogger - Copying 0 resource
2022-10-02 23:54:06,601 [Worker-56: Launching LoginTest] INFO  o.e.m.c.i.embedder.EclipseLogger - Using 'UTF-8' encoding to copy filtered resources.
2022-10-02 23:54:06,602 [Worker-56: Launching LoginTest] INFO  o.e.m.c.i.embedder.EclipseLogger - Copying 0 resource
2022-10-02 23:54:06,605 [Worker-56: Launching LoginTest] INFO  o.e.m.c.i.embedder.EclipseLogger - Using 'UTF-8' encoding to copy filtered resources.
2022-10-02 23:54:06,605 [Worker-56: Launching LoginTest] INFO  o.e.m.c.i.embedder.EclipseLogger - Copying 0 resource
2022-10-02 23:55:38,568 [Worker-55: Launching LoginTest] INFO  o.e.m.c.i.embedder.EclipseLogger - Using 'UTF-8' encoding to copy filtered resources.
2022-10-02 23:55:38,569 [Worker-55: Launching LoginTest] INFO  o.e.m.c.i.embedder.EclipseLogger - Copying 0 resource
2022-10-02 23:55:38,575 [Worker-55: Launching LoginTest] INFO  o.e.m.c.i.embedder.EclipseLogger - Using 'UTF-8' encoding to copy filtered resources.
2022-10-02 23:55:38,575 [Worker-55: Launching LoginTest] INFO  o.e.m.c.i.embedder.EclipseLogger - Copying 0 resource
2022-10-02 23:56:02,327 [Worker-55: Launching LoginTest] INFO  o.e.m.c.i.embedder.EclipseLogger - Using 'UTF-8' encoding to copy filtered resources.
2022-10-02 23:56:02,328 [Worker-55: Launching LoginTest] INFO  o.e.m.c.i.embedder.EclipseLogger - Copying 0 resource
2022-10-02 23:56:02,331 [Worker-55: Launching LoginTest] INFO  o.e.m.c.i.embedder.EclipseLogger - Using 'UTF-8' encoding to copy filtered resources.
2022-10-02 23:56:02,334 [Worker-55: Launching LoginTest] INFO  o.e.m.c.i.embedder.EclipseLogger - Copying 0 resource
2022-10-03 00:05:49,981 [Worker-58: Launching LoginTest] INFO  o.e.m.c.i.embedder.EclipseLogger - Using 'UTF-8' encoding to copy filtered resources.
2022-10-03 00:05:49,983 [Worker-58: Launching LoginTest] INFO  o.e.m.c.i.embedder.EclipseLogger - Copying 0 resource
2022-10-03 00:05:49,987 [Worker-58: Launching LoginTest] INFO  o.e.m.c.i.embedder.EclipseLogger - Using 'UTF-8' encoding to copy filtered resources.
2022-10-03 00:05:49,989 [Worker-58: Launching LoginTest] INFO  o.e.m.c.i.embedder.EclipseLogger - Copying 0 resource
2022-10-03 00:06:13,501 [Worker-60: Launching LoginTest] INFO  o.e.m.c.i.embedder.EclipseLogger - Using 'UTF-8' encoding to copy filtered resources.
2022-10-03 00:06:13,503 [Worker-60: Launching LoginTest] INFO  o.e.m.c.i.embedder.EclipseLogger - Copying 0 resource
2022-10-03 00:06:13,525 [Worker-60: Launching LoginTest] INFO  o.e.m.c.i.embedder.EclipseLogger - Using 'UTF-8' encoding to copy filtered resources.
2022-10-03 00:06:13,526 [Worker-60: Launching LoginTest] INFO  o.e.m.c.i.embedder.EclipseLogger - Copying 0 resource
2022-10-03 00:07:26,976 [Worker-62: Launching LoginTest] INFO  o.e.m.c.i.embedder.EclipseLogger - Using 'UTF-8' encoding to copy filtered resources.
2022-10-03 00:07:26,978 [Worker-62: Launching LoginTest] INFO  o.e.m.c.i.embedder.EclipseLogger - Copying 0 resource
2022-10-03 00:07:26,980 [Worker-62: Launching LoginTest] INFO  o.e.m.c.i.embedder.EclipseLogger - Using 'UTF-8' encoding to copy filtered resources.
2022-10-03 00:07:26,981 [Worker-62: Launching LoginTest] INFO  o.e.m.c.i.embedder.EclipseLogger - Copying 0 resource
2022-10-03 00:07:42,526 [Worker-64: Launching LoginTest] INFO  o.e.m.c.i.embedder.EclipseLogger - Using 'UTF-8' encoding to copy filtered resources.
2022-10-03 00:07:42,526 [Worker-64: Launching LoginTest] INFO  o.e.m.c.i.embedder.EclipseLogger - Copying 0 resource
2022-10-03 00:07:42,535 [Worker-64: Launching LoginTest] INFO  o.e.m.c.i.embedder.EclipseLogger - Using 'UTF-8' encoding to copy filtered resources.
2022-10-03 00:07:42,535 [Worker-64: Launching LoginTest] INFO  o.e.m.c.i.embedder.EclipseLogger - Copying 0 resource
2022-10-03 10:35:11,087 [Worker-4: Loading available Gradle versions] INFO  o.e.b.c.i.u.g.PublishedGradleVersions - Gradle version information cache is up-to-date. Trying to read.
2022-10-03 10:41:52,757 [Worker-11: Launching Login] INFO  o.e.m.c.i.embedder.EclipseLogger - Using 'UTF-8' encoding to copy filtered resources.
2022-10-03 10:41:52,770 [Worker-11: Launching Login] INFO  o.e.m.c.i.embedder.EclipseLogger - Copying 0 resource
2022-10-03 10:41:52,774 [Worker-11: Launching Login] INFO  o.e.m.c.i.embedder.EclipseLogger - Using 'UTF-8' encoding to copy filtered resources.
2022-10-03 10:41:52,774 [Worker-11: Launching Login] INFO  o.e.m.c.i.embedder.EclipseLogger - Copying 0 resource
2022-10-03 10:46:44,656 [Worker-11: Launching Registration] INFO  o.e.m.c.i.embedder.EclipseLogger - Using 'UTF-8' encoding to copy filtered resources.
2022-10-03 10:46:44,661 [Worker-11: Launching Registration] INFO  o.e.m.c.i.embedder.EclipseLogger - Copying 0 resource
2022-10-03 10:46:44,664 [Worker-11: Launching Registration] INFO  o.e.m.c.i.embedder.EclipseLogger - Using 'UTF-8' encoding to copy filtered resources.
2022-10-03 10:46:44,664 [Worker-11: Launching Registration] INFO  o.e.m.c.i.embedder.EclipseLogger - Copying 0 resource
2022-10-03 13:05:16,596 [Worker-35: Launching Registration] INFO  o.e.m.c.i.embedder.EclipseLogger - Using 'UTF-8' encoding to copy filtered resources.
2022-10-03 13:05:16,601 [Worker-35: Launching Registration] INFO  o.e.m.c.i.embedder.EclipseLogger - Copying 0 resource
2022-10-03 13:05:16,603 [Worker-35: Launching Registration] INFO  o.e.m.c.i.embedder.EclipseLogger - Using 'UTF-8' encoding to copy filtered resources.
2022-10-03 13:05:16,604 [Worker-35: Launching Registration] INFO  o.e.m.c.i.embedder.EclipseLogger - Copying 0 resource
2022-10-03 13:06:37,372 [Worker-26: Launching Registration] INFO  o.e.m.c.i.embedder.EclipseLogger - Using 'UTF-8' encoding to copy filtered resources.
2022-10-03 13:06:37,373 [Worker-26: Launching Registration] INFO  o.e.m.c.i.embedder.EclipseLogger - Copying 0 resource
2022-10-03 13:06:37,375 [Worker-26: Launching Registration] INFO  o.e.m.c.i.embedder.EclipseLogger - Using 'UTF-8' encoding to copy filtered resources.
2022-10-03 13:06:37,377 [Worker-26: Launching Registration] INFO  o.e.m.c.i.embedder.EclipseLogger - Copying 0 resource
2022-10-03 13:19:24,334 [Worker-44: Launching Login] INFO  o.e.m.c.i.embedder.EclipseLogger - Using 'UTF-8' encoding to copy filtered resources.
2022-10-03 13:19:24,335 [Worker-44: Launching Login] INFO  o.e.m.c.i.embedder.EclipseLogger - Copying 0 resource
2022-10-03 13:19:24,339 [Worker-44: Launching Login] INFO  o.e.m.c.i.embedder.EclipseLogger - Using 'UTF-8' encoding to copy filtered resources.
2022-10-03 13:19:24,340 [Worker-44: Launching Login] INFO  o.e.m.c.i.embedder.EclipseLogger - Copying 0 resource
2022-10-03 13:32:26,833 [Worker-51: Launching Login] INFO  o.e.m.c.i.embedder.EclipseLogger - Using 'UTF-8' encoding to copy filtered resources.
2022-10-03 13:32:26,834 [Worker-51: Launching Login] INFO  o.e.m.c.i.embedder.EclipseLogger - Copying 0 resource
2022-10-03 13:32:26,838 [Worker-51: Launching Login] INFO  o.e.m.c.i.embedder.EclipseLogger - Using 'UTF-8' encoding to copy filtered resources.
2022-10-03 13:32:26,839 [Worker-51: Launching Login] INFO  o.e.m.c.i.embedder.EclipseLogger - Copying 0 resource
